[    2577ms] [ERROR] Failed to load resource: the server responded with a status of 404 (Not Found) @ http://localhost:4321/images/services/premium-1.jpg:0
[    2578ms] [ERROR] Failed to load resource: the server responded with a status of 404 (Not Found) @ http://localhost:4321/images/services-hero.jpg:0
[    2578ms] [ERROR] Failed to load resource: the server responded with a status of 404 (Not Found) @ http://localhost:4321/images/services-intro-rim.jpg:0
[    2659ms] [ERROR] Failed to load resource: the server responded with a status of 404 (Not Found) @ http://localhost:4321/images/services/ceramic-1.jpg:0
[    2668ms] [ERROR] Failed to load resource: the server responded with a status of 404 (Not Found) @ http://localhost:4321/images/services/paint-correction-1.jpg:0
[    2674ms] [ERROR] Failed to load resource: the server responded with a status of 404 (Not Found) @ http://localhost:4321/images/services/exterior-1.jpg:0
[    2701ms] [ERROR] Failed to load resource: the server responded with a status of 404 (Not Found) @ http://localhost:4321/images/services/interior-1.jpg:0
[    2712ms] [ERROR] Failed to load resource: the server responded with a status of 404 (Not Found) @ http://localhost:4321/images/services/decontamination-1.jpg:0
[    2720ms] [ERROR] Failed to load resource: the server responded with a status of 404 (Not Found) @ http://localhost:4321/images/services/upholstery-1.jpg:0
[    2744ms] [ERROR] Failed to load resource: the server responded with a status of 404 (Not Found) @ http://localhost:4321/images/services/headlights-1.jpg:0
[    4087ms] [ERROR] Failed to load resource: the server responded with a status of 404 (Not Found) @ http://localhost:4321/images/services-hero.jpg:0
[    4089ms] [ERROR] Failed to load resource: the server responded with a status of 404 (Not Found) @ http://localhost:4321/images/services-intro-rim.jpg:0
[    4351ms] [ERROR] Failed to load resource: the server responded with a status of 404 (Not Found) @ http://localhost:4321/images/services/premium-1.jpg:0
[    4359ms] [ERROR] Failed to load resource: the server responded with a status of 404 (Not Found) @ http://localhost:4321/images/services/ceramic-1.jpg:0
[    4365ms] [ERROR] Failed to load resource: the server responded with a status of 404 (Not Found) @ http://localhost:4321/images/services/paint-correction-1.jpg:0
[    4370ms] [ERROR] Failed to load resource: the server responded with a status of 404 (Not Found) @ http://localhost:4321/images/services/exterior-1.jpg:0
[    4374ms] [ERROR] Failed to load resource: the server responded with a status of 404 (Not Found) @ http://localhost:4321/images/services/interior-1.jpg:0
[    4392ms] [ERROR] Failed to load resource: the server responded with a status of 404 (Not Found) @ http://localhost:4321/images/services/decontamination-1.jpg:0
[    4393ms] [ERROR] Failed to load resource: the server responded with a status of 404 (Not Found) @ http://localhost:4321/images/services/upholstery-1.jpg:0
[    4397ms] [ERROR] Failed to load resource: the server responded with a status of 404 (Not Found) @ http://localhost:4321/images/services/headlights-1.jpg:0
[    5053ms] [ERROR] Failed to load resource: the server responded with a status of 404 (Not Found) @ http://localhost:4321/images/services-intro-rim.jpg:0
[    5063ms] [ERROR] Failed to load resource: the server responded with a status of 404 (Not Found) @ http://localhost:4321/images/services/premium-1.jpg:0
[    5075ms] [ERROR] Failed to load resource: the server responded with a status of 404 (Not Found) @ http://localhost:4321/images/services/ceramic-1.jpg:0
[    5088ms] [ERROR] Failed to load resource: the server responded with a status of 404 (Not Found) @ http://localhost:4321/images/services/paint-correction-1.jpg:0
[    5104ms] [ERROR] Failed to load resource: the server responded with a status of 404 (Not Found) @ http://localhost:4321/images/services/exterior-1.jpg:0
[    5118ms] [ERROR] Failed to load resource: the server responded with a status of 404 (Not Found) @ http://localhost:4321/images/services/interior-1.jpg:0
[    5130ms] [ERROR] Failed to load resource: the server responded with a status of 404 (Not Found) @ http://localhost:4321/images/services/decontamination-1.jpg:0
[    5142ms] [ERROR] Failed to load resource: the server responded with a status of 404 (Not Found) @ http://localhost:4321/images/services/upholstery-1.jpg:0
[    5156ms] [ERROR] Failed to load resource: the server responded with a status of 404 (Not Found) @ http://localhost:4321/images/services/headlights-1.jpg:0
