[     475ms] [ERROR] Failed to load resource: the server responded with a status of 404 (Not Found) @ http://localhost:4321/images/cta-wheel.jpg:0
[     505ms] [ERROR] Failed to load resource: the server responded with a status of 404 (Not Found) @ http://localhost:4321/images/services/premium-1.jpg:0
[     506ms] [ERROR] Failed to load resource: the server responded with a status of 404 (Not Found) @ http://localhost:4321/images/services/premium-2.jpg:0
[     506ms] [ERROR] Failed to load resource: the server responded with a status of 404 (Not Found) @ http://localhost:4321/images/services/premium-3.jpg:0
[     507ms] [ERROR] Failed to load resource: the server responded with a status of 404 (Not Found) @ http://localhost:4321/images/services/premium-4.jpg:0
[     507ms] [ERROR] Failed to load resource: the server responded with a status of 404 (Not Found) @ http://localhost:4321/images/services/exterior-1.jpg:0
[     508ms] [ERROR] Failed to load resource: the server responded with a status of 404 (Not Found) @ http://localhost:4321/images/services/interior-1.jpg:0
[     514ms] [ERROR] Failed to load resource: the server responded with a status of 404 (Not Found) @ http://localhost:4321/images/services/decontamination-1.jpg:0
[     643ms] [ERROR] Failed to load resource: the server responded with a status of 404 (Not Found) @ http://localhost:4321/images/services/premium-1.jpg:0
[     653ms] [ERROR] Failed to load resource: the server responded with a status of 404 (Not Found) @ http://localhost:4321/images/services/premium-1.jpg:0
[     664ms] [ERROR] Failed to load resource: the server responded with a status of 404 (Not Found) @ http://localhost:4321/images/services/premium-2.jpg:0
[     676ms] [ERROR] Failed to load resource: the server responded with a status of 404 (Not Found) @ http://localhost:4321/images/services/premium-3.jpg:0
[     688ms] [ERROR] Failed to load resource: the server responded with a status of 404 (Not Found) @ http://localhost:4321/images/services/premium-4.jpg:0
[     697ms] [ERROR] Failed to load resource: the server responded with a status of 404 (Not Found) @ http://localhost:4321/images/cta-wheel.jpg:0
[     708ms] [ERROR] Failed to load resource: the server responded with a status of 404 (Not Found) @ http://localhost:4321/images/services/exterior-1.jpg:0
[     720ms] [ERROR] Failed to load resource: the server responded with a status of 404 (Not Found) @ http://localhost:4321/images/services/interior-1.jpg:0
[     732ms] [ERROR] Failed to load resource: the server responded with a status of 404 (Not Found) @ http://localhost:4321/images/services/decontamination-1.jpg:0
[  591949ms] [ERROR] Failed to load resource: the server responded with a status of 404 (Not Found) @ http://localhost:4321/images/services-hero.jpg:0
[  591973ms] [ERROR] Failed to load resource: the server responded with a status of 404 (Not Found) @ http://localhost:4321/images/services-intro-rim.jpg:0
[  591985ms] [ERROR] Failed to load resource: the server responded with a status of 404 (Not Found) @ http://localhost:4321/images/services/premium-1.jpg:0
[  591990ms] [ERROR] Failed to load resource: the server responded with a status of 404 (Not Found) @ http://localhost:4321/images/services/ceramic-1.jpg:0
[  591995ms] [ERROR] Failed to load resource: the server responded with a status of 404 (Not Found) @ http://localhost:4321/images/services/paint-correction-1.jpg:0
[  591997ms] [ERROR] Failed to load resource: the server responded with a status of 404 (Not Found) @ http://localhost:4321/images/services/exterior-1.jpg:0
[  592000ms] [ERROR] Failed to load resource: the server responded with a status of 404 (Not Found) @ http://localhost:4321/images/services/interior-1.jpg:0
[  592008ms] [ERROR] Failed to load resource: the server responded with a status of 404 (Not Found) @ http://localhost:4321/images/services/decontamination-1.jpg:0
[  592028ms] [ERROR] Failed to load resource: the server responded with a status of 404 (Not Found) @ http://localhost:4321/images/services/upholstery-1.jpg:0
[  592033ms] [ERROR] Failed to load resource: the server responded with a status of 404 (Not Found) @ http://localhost:4321/images/services/headlights-1.jpg:0
[  592079ms] [ERROR] Failed to load resource: the server responded with a status of 404 (Not Found) @ http://localhost:4321/images/services-intro-rim.jpg:0
[  592087ms] [ERROR] Failed to load resource: the server responded with a status of 404 (Not Found) @ http://localhost:4321/images/services/premium-1.jpg:0
[  592098ms] [ERROR] Failed to load resource: the server responded with a status of 404 (Not Found) @ http://localhost:4321/images/services/ceramic-1.jpg:0
[  592105ms] [ERROR] Failed to load resource: the server responded with a status of 404 (Not Found) @ http://localhost:4321/images/services/paint-correction-1.jpg:0
[  592113ms] [ERROR] Failed to load resource: the server responded with a status of 404 (Not Found) @ http://localhost:4321/images/services/exterior-1.jpg:0
[  592119ms] [ERROR] Failed to load resource: the server responded with a status of 404 (Not Found) @ http://localhost:4321/images/services/interior-1.jpg:0
[  592124ms] [ERROR] Failed to load resource: the server responded with a status of 404 (Not Found) @ http://localhost:4321/images/services/decontamination-1.jpg:0
[  592129ms] [ERROR] Failed to load resource: the server responded with a status of 404 (Not Found) @ http://localhost:4321/images/services/upholstery-1.jpg:0
[  592137ms] [ERROR] Failed to load resource: the server responded with a status of 404 (Not Found) @ http://localhost:4321/images/services/headlights-1.jpg:0
[  596667ms] [ERROR] Failed to load resource: the server responded with a status of 404 (Not Found) @ http://localhost:4321/images/services/interior-1.jpg:0
[  596668ms] [ERROR] Failed to load resource: the server responded with a status of 404 (Not Found) @ http://localhost:4321/images/cta-wheel.jpg:0
[  596678ms] [ERROR] Failed to load resource: the server responded with a status of 404 (Not Found) @ http://localhost:4321/images/services/interior-2.jpg:0
[  596685ms] [ERROR] Failed to load resource: the server responded with a status of 404 (Not Found) @ http://localhost:4321/images/services/interior-3.jpg:0
[  596689ms] [ERROR] Failed to load resource: the server responded with a status of 404 (Not Found) @ http://localhost:4321/images/services/interior-4.jpg:0
[  596694ms] [ERROR] Failed to load resource: the server responded with a status of 404 (Not Found) @ http://localhost:4321/images/services/premium-1.jpg:0
[  596698ms] [ERROR] Failed to load resource: the server responded with a status of 404 (Not Found) @ http://localhost:4321/images/services/upholstery-1.jpg:0
[  596703ms] [ERROR] Failed to load resource: the server responded with a status of 404 (Not Found) @ http://localhost:4321/images/services/exterior-1.jpg:0
[  596832ms] [ERROR] Failed to load resource: the server responded with a status of 404 (Not Found) @ http://localhost:4321/images/services/interior-1.jpg:0
[  596853ms] [ERROR] Failed to load resource: the server responded with a status of 404 (Not Found) @ http://localhost:4321/images/services/interior-1.jpg:0
[  596863ms] [ERROR] Failed to load resource: the server responded with a status of 404 (Not Found) @ http://localhost:4321/images/services/interior-2.jpg:0
[  596876ms] [ERROR] Failed to load resource: the server responded with a status of 404 (Not Found) @ http://localhost:4321/images/services/interior-3.jpg:0
[  596893ms] [ERROR] Failed to load resource: the server responded with a status of 404 (Not Found) @ http://localhost:4321/images/services/interior-4.jpg:0
[  596908ms] [ERROR] Failed to load resource: the server responded with a status of 404 (Not Found) @ http://localhost:4321/images/cta-wheel.jpg:0
[  596916ms] [ERROR] Failed to load resource: the server responded with a status of 404 (Not Found) @ http://localhost:4321/images/services/premium-1.jpg:0
[  596922ms] [ERROR] Failed to load resource: the server responded with a status of 404 (Not Found) @ http://localhost:4321/images/services/upholstery-1.jpg:0
[  596928ms] [ERROR] Failed to load resource: the server responded with a status of 404 (Not Found) @ http://localhost:4321/images/services/exterior-1.jpg:0
[  598500ms] [ERROR] Failed to load resource: the server responded with a status of 404 (Not Found) @ http://localhost:4321/images/services-hero.jpg:0
[  598525ms] [ERROR] Failed to load resource: the server responded with a status of 404 (Not Found) @ http://localhost:4321/images/services-intro-rim.jpg:0
[  598525ms] [ERROR] Failed to load resource: the server responded with a status of 404 (Not Found) @ http://localhost:4321/images/services/premium-1.jpg:0
[  598526ms] [ERROR] Failed to load resource: the server responded with a status of 404 (Not Found) @ http://localhost:4321/images/services/ceramic-1.jpg:0
[  598527ms] [ERROR] Failed to load resource: the server responded with a status of 404 (Not Found) @ http://localhost:4321/images/services/paint-correction-1.jpg:0
[  598527ms] [ERROR] Failed to load resource: the server responded with a status of 404 (Not Found) @ http://localhost:4321/images/services/exterior-1.jpg:0
[  598528ms] [ERROR] Failed to load resource: the server responded with a status of 404 (Not Found) @ http://localhost:4321/images/services/interior-1.jpg:0
[  598528ms] [ERROR] Failed to load resource: the server responded with a status of 404 (Not Found) @ http://localhost:4321/images/services/decontamination-1.jpg:0
[  598528ms] [ERROR] Failed to load resource: the server responded with a status of 404 (Not Found) @ http://localhost:4321/images/services/upholstery-1.jpg:0
[  598529ms] [ERROR] Failed to load resource: the server responded with a status of 404 (Not Found) @ http://localhost:4321/images/services/headlights-1.jpg:0
[  598581ms] [ERROR] Failed to load resource: the server responded with a status of 404 (Not Found) @ http://localhost:4321/images/services-intro-rim.jpg:0
[  598587ms] [ERROR] Failed to load resource: the server responded with a status of 404 (Not Found) @ http://localhost:4321/images/services/premium-1.jpg:0
[  598595ms] [ERROR] Failed to load resource: the server responded with a status of 404 (Not Found) @ http://localhost:4321/images/services/ceramic-1.jpg:0
[  598602ms] [ERROR] Failed to load resource: the server responded with a status of 404 (Not Found) @ http://localhost:4321/images/services/paint-correction-1.jpg:0
[  598614ms] [ERROR] Failed to load resource: the server responded with a status of 404 (Not Found) @ http://localhost:4321/images/services/exterior-1.jpg:0
[  598635ms] [ERROR] Failed to load resource: the server responded with a status of 404 (Not Found) @ http://localhost:4321/images/services/interior-1.jpg:0
[  598641ms] [ERROR] Failed to load resource: the server responded with a status of 404 (Not Found) @ http://localhost:4321/images/services/decontamination-1.jpg:0
[  598647ms] [ERROR] Failed to load resource: the server responded with a status of 404 (Not Found) @ http://localhost:4321/images/services/upholstery-1.jpg:0
[  598655ms] [ERROR] Failed to load resource: the server responded with a status of 404 (Not Found) @ http://localhost:4321/images/services/headlights-1.jpg:0
[  600105ms] [ERROR] Failed to load resource: the server responded with a status of 404 (Not Found) @ http://localhost:4321/images/services/decontamination-1.jpg:0
[  600110ms] [ERROR] Failed to load resource: the server responded with a status of 404 (Not Found) @ http://localhost:4321/images/cta-wheel.jpg:0
[  600119ms] [ERROR] Failed to load resource: the server responded with a status of 404 (Not Found) @ http://localhost:4321/images/services/paint-correction-1.jpg:0
[  600123ms] [ERROR] Failed to load resource: the server responded with a status of 404 (Not Found) @ http://localhost:4321/images/services/decontamination-2.jpg:0
[  600129ms] [ERROR] Failed to load resource: the server responded with a status of 404 (Not Found) @ http://localhost:4321/images/services/decontamination-3.jpg:0
[  600134ms] [ERROR] Failed to load resource: the server responded with a status of 404 (Not Found) @ http://localhost:4321/images/services/decontamination-4.jpg:0
[  600138ms] [ERROR] Failed to load resource: the server responded with a status of 404 (Not Found) @ http://localhost:4321/images/services/ceramic-1.jpg:0
[  600166ms] [ERROR] Failed to load resource: the server responded with a status of 404 (Not Found) @ http://localhost:4321/images/services/exterior-1.jpg:0
[  600195ms] [ERROR] Failed to load resource: the server responded with a status of 404 (Not Found) @ http://localhost:4321/images/services/decontamination-1.jpg:0
[  600203ms] [ERROR] Failed to load resource: the server responded with a status of 404 (Not Found) @ http://localhost:4321/images/services/decontamination-1.jpg:0
[  600211ms] [ERROR] Failed to load resource: the server responded with a status of 404 (Not Found) @ http://localhost:4321/images/services/decontamination-2.jpg:0
[  600218ms] [ERROR] Failed to load resource: the server responded with a status of 404 (Not Found) @ http://localhost:4321/images/services/decontamination-3.jpg:0
[  600223ms] [ERROR] Failed to load resource: the server responded with a status of 404 (Not Found) @ http://localhost:4321/images/services/decontamination-4.jpg:0
[  600229ms] [ERROR] Failed to load resource: the server responded with a status of 404 (Not Found) @ http://localhost:4321/images/cta-wheel.jpg:0
[  600235ms] [ERROR] Failed to load resource: the server responded with a status of 404 (Not Found) @ http://localhost:4321/images/services/paint-correction-1.jpg:0
[  600244ms] [ERROR] Failed to load resource: the server responded with a status of 404 (Not Found) @ http://localhost:4321/images/services/ceramic-1.jpg:0
[  600253ms] [ERROR] Failed to load resource: the server responded with a status of 404 (Not Found) @ http://localhost:4321/images/services/exterior-1.jpg:0
